  GameOfLife.cpp
C:\Users\Moldovan\source\repos\GameOfLife\GameOfLife\GameOfLife.cpp(117,62): warning C4244: 'argument' : conversion de 'int' en 'float', perte possible de données
C:\Users\Moldovan\source\repos\GameOfLife\GameOfLife\GameOfLife.cpp(117,48): warning C4244: 'argument' : conversion de 'int' en 'float', perte possible de données
C:\Users\Moldovan\source\repos\GameOfLife\GameOfLife\GameOfLife.cpp(123,83): warning C4244: 'argument' : conversion de 'T' en 'T', perte possible de données
          with
          [
              T=int
          ]
          and
          [
              T=float
          ]
C:\Users\Moldovan\source\repos\GameOfLife\GameOfLife\GameOfLife.cpp(123,76): warning C4244: 'argument' : conversion de 'T' en 'T', perte possible de données
          with
          [
              T=int
          ]
          and
          [
              T=float
          ]
C:\Users\Moldovan\source\repos\GameOfLife\GameOfLife\GameOfLife.cpp(125,78): warning C4244: 'argument' : conversion de 'T' en 'T', perte possible de données
          with
          [
              T=int
          ]
          and
          [
              T=float
          ]
C:\Users\Moldovan\source\repos\GameOfLife\GameOfLife\GameOfLife.cpp(125,71): warning C4244: 'argument' : conversion de 'T' en 'T', perte possible de données
          with
          [
              T=int
          ]
          and
          [
              T=float
          ]
C:\Users\Moldovan\source\repos\GameOfLife\GameOfLife\GameOfLife.cpp(130,78): warning C4244: 'argument' : conversion de 'T' en 'T', perte possible de données
          with
          [
              T=int
          ]
          and
          [
              T=float
          ]
C:\Users\Moldovan\source\repos\GameOfLife\GameOfLife\GameOfLife.cpp(130,71): warning C4244: 'argument' : conversion de 'T' en 'T', perte possible de données
          with
          [
              T=int
          ]
          and
          [
              T=float
          ]
C:\Users\Moldovan\source\repos\GameOfLife\GameOfLife\GameOfLife.cpp(132,79): warning C4244: 'argument' : conversion de 'T' en 'T', perte possible de données
          with
          [
              T=int
          ]
          and
          [
              T=float
          ]
C:\Users\Moldovan\source\repos\GameOfLife\GameOfLife\GameOfLife.cpp(132,72): warning C4244: 'argument' : conversion de 'T' en 'T', perte possible de données
          with
          [
              T=int
          ]
          and
          [
              T=float
          ]
  Génération de code en cours
  Previous IPDB not found, fall back to full compilation.
  All 80 functions were compiled because no usable IPDB/IOBJ from previous compilation was found.
  Fin de la génération du code
  GameOfLife.vcxproj -> C:\Users\Moldovan\source\repos\GameOfLife\Release\GameOfLife.exe
